<?xml version="1.0" encoding="UTF-8"?>
<!-- Generated by org.testng.reporters.JUnitReportReporter -->
<testsuite hostname="AITACS12-PC" name="Example.TestA" tests="3" failures="0" timestamp="16 Oct 2018 10:29:34 GMT" time="25.016" errors="0">
  <testcase name="testA2" time="5.726" classname="Example.TestA"/>
  <testcase name="testA1" time="6.389" classname="Example.TestA"/>
  <testcase name="TestA" time="12.901" classname="Example.TestA"/>
</testsuite> <!-- Example.TestA -->
