<?xml version="1.0" encoding="UTF-8"?>
<!-- Generated by org.testng.reporters.JUnitReportReporter -->
<testsuite hostname="AITACS12-PC" name="Example.TestA" tests="3" failures="0" timestamp="8 Oct 2018 09:02:15 GMT" time="18.570" errors="0">
  <testcase name="testSampleThree" time="3.956" classname="Example.TestA"/>
  <testcase name="testSampleTwo" time="3.804" classname="Example.TestA"/>
  <testcase name="testPageTitleSampleA" time="10.810" classname="Example.TestA"/>
</testsuite> <!-- Example.TestA -->
