<?xml version="1.0" encoding="UTF-8"?>
<!-- Generated by org.testng.reporters.JUnitReportReporter -->
<testsuite hostname="AITACS12-PC" name="Example.TestB" tests="2" failures="0" timestamp="16 Oct 2018 10:29:34 GMT" time="13.835" errors="0">
  <testcase name="testB2" time="6.457" classname="Example.TestB"/>
  <testcase name="testB1" time="7.378" classname="Example.TestB"/>
</testsuite> <!-- Example.TestB -->
