<?xml version="1.0" encoding="UTF-8"?>
<!-- Generated by org.testng.reporters.JUnitReportReporter -->
<testsuite hostname="AITACS12-PC" name="Sample.TestA" tests="3" failures="0" timestamp="8 Oct 2018 06:31:18 GMT" time="20.630" errors="0">
  <testcase name="testSampleThree" time="6.034" classname="Sample.TestA"/>
  <testcase name="testSampleTwo" time="3.252" classname="Sample.TestA"/>
  <testcase name="testPageTitleSampleA" time="11.344" classname="Sample.TestA"/>
</testsuite> <!-- Sample.TestA -->
