<?xml version="1.0" encoding="UTF-8"?>
<!-- Generated by org.testng.reporters.JUnitReportReporter -->
<testsuite hostname="AITACS12-PC" name="rest" tests="1" failures="0" timestamp="5 Oct 2018 04:37:19 GMT" time="3.042" errors="0">
  <testcase name="UserDetails" time="3.042" classname="rest"/>
</testsuite> <!-- rest -->
