<?xml version="1.0" encoding="UTF-8"?>
<!-- Generated by org.testng.reporters.JUnitReportReporter -->
<testsuite hostname="AITACS12-PC" name="Example.TestB" tests="4" failures="0" timestamp="8 Oct 2018 09:02:15 GMT" time="26.618" errors="0">
  <testcase name="testSampleThree" time="6.240" classname="Example.TestB"/>
  <testcase name="testSampleOne" time="4.747" classname="Example.TestB"/>
  <testcase name="testPageTitleSampleB" time="12.024" classname="Example.TestB"/>
  <testcase name="testSampleTwo" time="3.607" classname="Example.TestB"/>
</testsuite> <!-- Example.TestB -->
